
==========================================================================
global place report_tns
--------------------------------------------------------------------------
tns 0.00

==========================================================================
global place report_wns
--------------------------------------------------------------------------
wns 0.00

==========================================================================
global place report_worst_slack
--------------------------------------------------------------------------
worst slack 6.68

==========================================================================
global place report_checks -path_delay min
--------------------------------------------------------------------------
Startpoint: system_expander.gpioCtrl_1.io_gpio_pins_read_buffercc.buffers_0[4]$_DFF_P_
            (rising edge-triggered flip-flop clocked by clk_core)
Endpoint: system_expander.gpioCtrl_1.io_gpio_pins_read_buffercc_1.buffers_1[4]$_DFF_P_
          (rising edge-triggered flip-flop clocked by clk_core)
Path Group: clk_core
Path Type: min

Fanout     Cap    Slew   Delay    Time   Description
-----------------------------------------------------------------------------
                  0.25    0.00    0.00   clock clk_core (rise edge)
                          0.00    0.00   clock network delay (ideal)
                  0.25    0.00    0.00 ^ system_expander.gpioCtrl_1.io_gpio_pins_read_buffercc.buffers_0[4]$_DFF_P_/CLK (sg13g2_dfrbp_1)
     2    0.01    0.03    0.28    0.28 v system_expander.gpioCtrl_1.io_gpio_pins_read_buffercc.buffers_0[4]$_DFF_P_/Q (sg13g2_dfrbp_1)
                                         system_expander.gpioCtrl_1.io_gpio_pins_read_buffercc.buffers_0[4] (net)
                  0.03    0.00    0.28 v system_expander.gpioCtrl_1.io_gpio_pins_read_buffercc_1.buffers_1[4]$_DFF_P_/D (sg13g2_dfrbp_1)
                                  0.28   data arrival time

                  0.25    0.00    0.00   clock clk_core (rise edge)
                          0.00    0.00   clock network delay (ideal)
                          0.15    0.15   clock uncertainty
                          0.00    0.15   clock reconvergence pessimism
                                  0.15 ^ system_expander.gpioCtrl_1.io_gpio_pins_read_buffercc_1.buffers_1[4]$_DFF_P_/CLK (sg13g2_dfrbp_1)
                          0.01    0.16   library hold time
                                  0.16   data required time
-----------------------------------------------------------------------------
                                  0.16   data required time
                                 -0.28   data arrival time
-----------------------------------------------------------------------------
                                  0.12   slack (MET)



==========================================================================
global place report_checks -path_delay max
--------------------------------------------------------------------------
Startpoint: io_i2c_sda_PAD (input port clocked by clk_core)
Endpoint: system_expander.i2cCtrl.io_i2c_sda_read_buffercc.buffers_0$_SDFF_PN1_
          (rising edge-triggered flip-flop clocked by clk_core)
Path Group: clk_core
Path Type: max

Fanout     Cap    Slew   Delay    Time   Description
-----------------------------------------------------------------------------
                  0.25    0.00    0.00   clock clk_core (rise edge)
                          0.00    0.00   clock network delay (ideal)
                          8.00    8.00 v input external delay
     2    5.20    4.53    2.23   10.23 v io_i2c_sda_PAD (inout)
                                         io_i2c_sda_PAD (net)
     0    5.20    4.53    0.00   10.23 v sg13g2_IOPad_io_i2c_sda/pad (sg13g2_IOPadInOut4mA)
                                         io_i2c_sda_PAD (net)
     1    0.01    0.13    2.77   13.01 v sg13g2_IOPad_io_i2c_sda/p2c (sg13g2_IOPadInOut4mA)
                                         sg13g2_IOPad_io_i2c_sda_p2c (net)
                  0.10    0.00   13.01 v _1519_/A_N (sg13g2_nand2b_1)
     1    0.00    0.04    0.10   13.11 v _1519_/Y (sg13g2_nand2b_1)
                                         _0104_ (net)
                  0.04    0.00   13.11 v system_expander.i2cCtrl.io_i2c_sda_read_buffercc.buffers_0$_SDFF_PN1_/D (sg13g2_dfrbp_1)
                                 13.11   data arrival time

                  0.25   20.00   20.00   clock clk_core (rise edge)
                          0.00   20.00   clock network delay (ideal)
                         -0.15   19.85   clock uncertainty
                          0.00   19.85   clock reconvergence pessimism
                                 19.85 ^ system_expander.i2cCtrl.io_i2c_sda_read_buffercc.buffers_0$_SDFF_PN1_/CLK (sg13g2_dfrbp_1)
                         -0.06   19.79   library setup time
                                 19.79   data required time
-----------------------------------------------------------------------------
                                 19.79   data required time
                                -13.11   data arrival time
-----------------------------------------------------------------------------
                                  6.68   slack (MET)



==========================================================================
global place report_checks -unconstrained
--------------------------------------------------------------------------
Startpoint: io_i2c_sda_PAD (input port clocked by clk_core)
Endpoint: system_expander.i2cCtrl.io_i2c_sda_read_buffercc.buffers_0$_SDFF_PN1_
          (rising edge-triggered flip-flop clocked by clk_core)
Path Group: clk_core
Path Type: max

Fanout     Cap    Slew   Delay    Time   Description
-----------------------------------------------------------------------------
                  0.25    0.00    0.00   clock clk_core (rise edge)
                          0.00    0.00   clock network delay (ideal)
                          8.00    8.00 v input external delay
     2    5.20    4.53    2.23   10.23 v io_i2c_sda_PAD (inout)
                                         io_i2c_sda_PAD (net)
     0    5.20    4.53    0.00   10.23 v sg13g2_IOPad_io_i2c_sda/pad (sg13g2_IOPadInOut4mA)
                                         io_i2c_sda_PAD (net)
     1    0.01    0.13    2.77   13.01 v sg13g2_IOPad_io_i2c_sda/p2c (sg13g2_IOPadInOut4mA)
                                         sg13g2_IOPad_io_i2c_sda_p2c (net)
                  0.10    0.00   13.01 v _1519_/A_N (sg13g2_nand2b_1)
     1    0.00    0.04    0.10   13.11 v _1519_/Y (sg13g2_nand2b_1)
                                         _0104_ (net)
                  0.04    0.00   13.11 v system_expander.i2cCtrl.io_i2c_sda_read_buffercc.buffers_0$_SDFF_PN1_/D (sg13g2_dfrbp_1)
                                 13.11   data arrival time

                  0.25   20.00   20.00   clock clk_core (rise edge)
                          0.00   20.00   clock network delay (ideal)
                         -0.15   19.85   clock uncertainty
                          0.00   19.85   clock reconvergence pessimism
                                 19.85 ^ system_expander.i2cCtrl.io_i2c_sda_read_buffercc.buffers_0$_SDFF_PN1_/CLK (sg13g2_dfrbp_1)
                         -0.06   19.79   library setup time
                                 19.79   data required time
-----------------------------------------------------------------------------
                                 19.79   data required time
                                -13.11   data arrival time
-----------------------------------------------------------------------------
                                  6.68   slack (MET)



==========================================================================
global place report_power
--------------------------------------------------------------------------
Group                  Internal  Switching    Leakage      Total
                          Power      Power      Power      Power (Watts)
----------------------------------------------------------------
Sequential             1.04e-04   9.20e-06   9.87e-08   1.14e-04  43.6%
Combinational          4.27e-05   3.37e-05   1.11e-07   7.66e-05  29.3%
Clock                  0.00e+00   0.00e+00   0.00e+00   0.00e+00   0.0%
Macro                  0.00e+00   0.00e+00   0.00e+00   0.00e+00   0.0%
Pad                    1.89e-05   5.19e-05   2.32e-08   7.09e-05  27.1%
----------------------------------------------------------------
Total                  1.66e-04   9.48e-05   2.33e-07   2.61e-04 100.0%
                          63.6%      36.3%       0.1%
