violation type: Horizontal congestion
	srcs: net:sg13g2_IOPad_io_gpio_5_p2c
	comment: capacity:0 usage:1 overflow:1
	bbox = (309.6000, 352.8000) - (316.8000, 360.0000) on Layer -
violation type: Horizontal congestion
	srcs: net:sg13g2_IOPad_io_gpio_6_p2c
	comment: capacity:0 usage:1 overflow:1
	bbox = (309.6000, 460.8000) - (316.8000, 468.0000) on Layer -
violation type: Horizontal congestion
	srcs: net:sg13g2_IOPad_io_gpio_7_p2c
	comment: capacity:0 usage:1 overflow:1
	bbox = (309.6000, 525.6000) - (316.8000, 532.8000) on Layer -
violation type: Horizontal congestion
	srcs: net:sg13g2_IOPad_io_address_0_p2c
	comment: capacity:0 usage:1 overflow:1
	bbox = (727.2000, 518.4000) - (734.4000, 525.6000) on Layer -
violation type: Horizontal congestion
	srcs: net:sg13g2_IOPad_io_address_1_p2c
	comment: capacity:0 usage:1 overflow:1
	bbox = (727.2000, 604.8000) - (734.4000, 612.0000) on Layer -
violation type: Horizontal congestion
	srcs: net:sg13g2_IOPad_io_address_2_p2c
	comment: capacity:0 usage:1 overflow:1
	bbox = (727.2000, 705.6000) - (734.4000, 712.8000) on Layer -
violation type: Vertical congestion
	srcs: net:sg13g2_IOPad_io_gpio_7_p2c
	comment: capacity:0 usage:1 overflow:1
	bbox = (309.6000, 525.6000) - (316.8000, 532.8000) on Layer -
