violation type: Horizontal congestion
	srcs: net:sg13g2_IOPad_io_gpio_5_p2c
	comment: capacity:0 usage:1 overflow:1
	bbox = (309.6000, 338.4000) - (316.8000, 345.6000) on Layer -
violation type: Horizontal congestion
	srcs: net:sg13g2_IOPad_io_gpio_6_p2c
	comment: capacity:0 usage:1 overflow:1
	bbox = (309.6000, 475.2000) - (316.8000, 482.4000) on Layer -
violation type: Horizontal congestion
	srcs: net:sg13g2_IOPad_io_gpio_7_p2c
	comment: capacity:0 usage:1 overflow:1
	bbox = (309.6000, 540.0000) - (316.8000, 547.2000) on Layer -
violation type: Horizontal congestion
	srcs: net:sg13g2_IOPad_io_address_0_p2c
	comment: capacity:0 usage:1 overflow:1
	bbox = (727.2000, 511.2000) - (734.4000, 518.4000) on Layer -
violation type: Horizontal congestion
	srcs: net:sg13g2_IOPad_io_address_1_p2c
	comment: capacity:0 usage:1 overflow:1
	bbox = (727.2000, 568.8000) - (734.4000, 576.0000) on Layer -
violation type: Horizontal congestion
	srcs: net:sg13g2_IOPad_io_address_2_p2c
	comment: capacity:0 usage:1 overflow:1
	bbox = (727.2000, 720.0000) - (734.4000, 727.2000) on Layer -
violation type: Vertical congestion
	srcs: net:sg13g2_IOPad_io_address_1_p2c
	comment: capacity:0 usage:1 overflow:1
	bbox = (734.4000, 568.8000) - (741.6000, 576.0000) on Layer -
