OpenROAD 9b28074f5d04c68a9ddcc5c571583c1950e326a2 
Features included (+) or not (-): +Charts +GPU +GUI +Python : None
This program is licensed under the BSD-3 license. See the LICENSE file for details.
Components of this program may be licensed under more restrictive licenses which must be honored.
[INFO ORD-0030] Using 16 thread(s).
[INFO ORD-0030] Using 16 thread(s).
Placement Analysis
---------------------------------
total displacement       4254.2 u
average displacement        3.0 u
max displacement           10.5 u
original HPWL           35372.6 u
legalized HPWL          38841.5 u
delta HPWL                   10 %

Detailed placement improvement.
Importing netlist into detailed improver.
[INFO DPO-0100] Creating network with 1403 cells, 16 terminals, 1642 edges, 4604 pins, and 0 blockages.
[INFO DPO-0109] Network stats: inst 1419, edges 1642, pins 4604
[INFO DPO-0110] Number of regions is 1
[INFO DPO-0401] Setting random seed to 1.
[INFO DPO-0402] Setting maximum displacement 5 1 to 18900 3780 units.
[INFO DPO-0320] Collected 16 fixed cells.
[INFO DPO-0318] Collected 1403 single height cells.
[INFO DPO-0321] Collected 0 wide cells.
[INFO DPO-0322] Image (425280, 430920) - (631200, 627480)
[INFO DPO-0310] Assigned 1403 cells into segments.  Movement in X-direction is 0.000000, movement in Y-direction is 0.000000.
[INFO DPO-0313] Found 0 cells in wrong regions.
[INFO DPO-0315] Found 0 row alignment problems.
[INFO DPO-0314] Found 0 site alignment problems.
[INFO DPO-0311] Found 0 overlaps between adjacent cells.
[INFO DPO-0312] Found 0 edge spacing violations and 0 padding violations.
[INFO DPO-0303] Running algorithm for independent set matching.
[INFO DPO-0300] Set matching objective is wirelength.
[INFO DPO-0301] Pass   1 of matching; objective is 3.192284e+07.
[INFO DPO-0302] End of matching; objective is 3.183106e+07, improvement is 0.29 percent.
[INFO DPO-0303] Running algorithm for global swaps.
[INFO DPO-0306] Pass   1 of global swaps; hpwl is 3.116124e+07.
[INFO DPO-0306] Pass   2 of global swaps; hpwl is 3.095019e+07.
[INFO DPO-0307] End of global swaps; objective is 3.095019e+07, improvement is 2.77 percent.
[INFO DPO-0303] Running algorithm for vertical swaps.
[INFO DPO-0308] Pass   1 of vertical swaps; hpwl is 3.078234e+07.
[INFO DPO-0309] End of vertical swaps; objective is 3.078234e+07, improvement is 0.54 percent.
[INFO DPO-0303] Running algorithm for reordering.
[INFO DPO-0304] Pass   1 of reordering; objective is 3.050753e+07.
[INFO DPO-0305] End of reordering; objective is 3.050753e+07, improvement is 0.89 percent.
[INFO DPO-0303] Running algorithm for random improvement.
[INFO DPO-0324] Random improver is using displacement generator.
[INFO DPO-0325] Random improver is using hpwl objective.
[INFO DPO-0326] Random improver cost string is (a).
[INFO DPO-0332] End of pass, Generator displacement called 28060 times.
[INFO DPO-0335] Generator displacement, Cumulative attempts 28060, swaps 4970, moves  6003 since last reset.
[INFO DPO-0333] End of pass, Objective hpwl, Initial cost 3.015005e+07, Scratch cost 2.962588e+07, Incremental cost 2.962588e+07, Mismatch? N
[INFO DPO-0338] End of pass, Total cost is 2.962588e+07.
[INFO DPO-0327] Pass   1 of random improver; improvement in cost is 1.74 percent.
[INFO DPO-0332] End of pass, Generator displacement called 28060 times.
[INFO DPO-0335] Generator displacement, Cumulative attempts 56120, swaps 9781, moves 11962 since last reset.
[INFO DPO-0333] End of pass, Objective hpwl, Initial cost 2.962588e+07, Scratch cost 2.944105e+07, Incremental cost 2.944105e+07, Mismatch? N
[INFO DPO-0338] End of pass, Total cost is 2.944105e+07.
[INFO DPO-0327] Pass   2 of random improver; improvement in cost is 0.62 percent.
[INFO DPO-0328] End of random improver; improvement is 2.351580 percent.
[INFO DPO-0380] Cell flipping.
[INFO DPO-0382] Changed 706 cell orientations for row compatibility.
[INFO DPO-0383] Performed 411 cell flips.
[INFO DPO-0384] End of flipping; objective is 2.925526e+07, improvement is 1.84 percent.
[INFO DPO-0313] Found 0 cells in wrong regions.
[INFO DPO-0315] Found 0 row alignment problems.
[INFO DPO-0314] Found 0 site alignment problems.
[INFO DPO-0311] Found 0 overlaps between adjacent cells.
[INFO DPO-0312] Found 0 edge spacing violations and 0 padding violations.
Detailed Improvement Results
------------------------------------------
Original HPWL            38841.5 u
Final HPWL               36387.2 u
Delta HPWL                  -6.3 %

[INFO DPL-0020] Mirrored 76 instances
[INFO DPL-0021] HPWL before           36387.2 u
[INFO DPL-0022] HPWL after            36341.3 u
[INFO DPL-0023] HPWL delta               -0.1 %
[INFO FLW-0012] Placement violations .
Report metrics stage 3, detailed place...

==========================================================================
detailed place report_design_area
--------------------------------------------------------------------------
Design area 20450 u^2 51% utilization.
Elapsed time: 0:00.63[h:]min:sec. CPU time: user 0.61 sys 0.02 (100%). Peak memory: 94968KB.
